[debug] [2023-01-31T17:30:11.348Z] ----------------------------------------------------------------------
[debug] [2023-01-31T17:30:11.350Z] Command:       C:\Program Files\nodejs\node.exe C:\Users\LGros\AppData\Roaming\npm\node_modules\firebase-tools\lib\bin\firebase.js init
[debug] [2023-01-31T17:30:11.350Z] CLI Version:   11.19.0
[debug] [2023-01-31T17:30:11.351Z] Platform:      win32
[debug] [2023-01-31T17:30:11.351Z] Node Version:  v17.0.1
[debug] [2023-01-31T17:30:11.352Z] Time:          Tue Jan 31 2023 18:30:11 GMT+0100 (Mitteleuropäische Normalzeit)
[debug] [2023-01-31T17:30:11.352Z] ----------------------------------------------------------------------
[debug] 
[debug] [2023-01-31T17:30:11.416Z] > command requires scopes: ["email","openid","https://www.googleapis.com/auth/cloudplatformprojects.readonly","https://www.googleapis.com/auth/firebase","https://www.googleapis.com/auth/cloud-platform"]
[debug] [2023-01-31T17:30:11.416Z] > authorizing via signed-in user (leon.groschek12@gmail.com)
[info] 
     ######## #### ########  ######## ########     ###     ######  ########
     ##        ##  ##     ## ##       ##     ##  ##   ##  ##       ##
     ######    ##  ########  ######   ########  #########  ######  ######
     ##        ##  ##    ##  ##       ##     ## ##     ##       ## ##
     ##       #### ##     ## ######## ########  ##     ##  ######  ########

You're about to initialize a Firebase project in this directory:

  C:\Users\LGros\Desktop\JS Projekte\simple-crm

Before we get started, keep in mind:

  * You are initializing within an existing Firebase project directory

[info] 
=== Project Setup
[info] 
[info] First, let's associate this project directory with a Firebase project.
[info] You can create multiple project aliases by running firebase use --add, 
[info] but for now we'll just set up a default project.
[info] 
[debug] [2023-01-31T17:30:18.788Z] Using project from CLI flag: simple-crm-f1f46
[debug] [2023-01-31T17:30:18.790Z] >>> [apiv2][query] GET https://firebase.googleapis.com/v1beta1/projects/simple-crm-f1f46 [none]
[debug] [2023-01-31T17:30:19.311Z] <<< [apiv2][status] GET https://firebase.googleapis.com/v1beta1/projects/simple-crm-f1f46 200
[debug] [2023-01-31T17:30:19.311Z] <<< [apiv2][body] GET https://firebase.googleapis.com/v1beta1/projects/simple-crm-f1f46 {"projectId":"simple-crm-f1f46","projectNumber":"82158064310","displayName":"Simple-CRM","name":"projects/simple-crm-f1f46","resources":{"hostingSite":"simple-crm-f1f46","realtimeDatabaseInstance":"simple-crm-f1f46-default-rtdb","storageBucket":"simple-crm-f1f46.appspot.com","locationId":"europe-west"},"state":"ACTIVE","etag":"1_b1e4867e-3f89-479c-a106-fcaee0f3a1b8"}
[info] i  Using project simple-crm-f1f46 (Simple-CRM) 
[info] 
=== Database Setup
[info] i  database: ensuring required API firebasedatabase.googleapis.com is enabled... 
[debug] [2023-01-31T17:30:19.323Z] >>> [apiv2][query] GET https://serviceusage.googleapis.com/v1/projects/simple-crm-f1f46/services/firebasedatabase.googleapis.com [none]
[debug] [2023-01-31T17:30:19.323Z] >>> [apiv2][(partial)header] GET https://serviceusage.googleapis.com/v1/projects/simple-crm-f1f46/services/firebasedatabase.googleapis.com x-goog-quota-user=projects/simple-crm-f1f46
[debug] [2023-01-31T17:30:20.335Z] <<< [apiv2][status] GET https://serviceusage.googleapis.com/v1/projects/simple-crm-f1f46/services/firebasedatabase.googleapis.com 200
[debug] [2023-01-31T17:30:20.335Z] <<< [apiv2][body] GET https://serviceusage.googleapis.com/v1/projects/simple-crm-f1f46/services/firebasedatabase.googleapis.com [omitted]
[info] +  database: required API firebasedatabase.googleapis.com is enabled 
[info] 
[debug] [2023-01-31T17:30:20.337Z] >>> [apiv2][query] GET https://firebasedatabase.googleapis.com/v1beta/projects/simple-crm-f1f46/locations/-/instances/simple-crm-f1f46-default-rtdb [none]
[debug] [2023-01-31T17:30:20.703Z] <<< [apiv2][status] GET https://firebasedatabase.googleapis.com/v1beta/projects/simple-crm-f1f46/locations/-/instances/simple-crm-f1f46-default-rtdb 200
[debug] [2023-01-31T17:30:20.703Z] <<< [apiv2][body] GET https://firebasedatabase.googleapis.com/v1beta/projects/simple-crm-f1f46/locations/-/instances/simple-crm-f1f46-default-rtdb {"name":"projects/82158064310/locations/europe-west1/instances/simple-crm-f1f46-default-rtdb","project":"projects/82158064310","databaseUrl":"https://simple-crm-f1f46-default-rtdb.europe-west1.firebasedatabase.app","type":"DEFAULT_DATABASE","state":"ACTIVE"}
[info] 
[info] Firebase Realtime Database Security Rules allow you to define how your data should be
[info] structured and when your data can be read from and written to.
[info] 
[debug] [2023-01-31T17:30:22.967Z] >>> [apiv2][query] GET https://simple-crm-f1f46-default-rtdb.europe-west1.firebasedatabase.app/.settings/rules.json [none]
[debug] [2023-01-31T17:30:23.164Z] <<< [apiv2][status] GET https://simple-crm-f1f46-default-rtdb.europe-west1.firebasedatabase.app/.settings/rules.json 200
[debug] [2023-01-31T17:30:23.164Z] <<< [apiv2][body] GET https://simple-crm-f1f46-default-rtdb.europe-west1.firebasedatabase.app/.settings/rules.json [stream]
[info] +  Database Rules for simple-crm-f1f46-default-rtdb have been written to database.rules.json. 
[info] Future modifications to database.rules.json will update Realtime Database Security Rules when you run
[info] firebase deploy.
[info] 
=== Firestore Setup
[debug] [2023-01-31T17:30:23.168Z] >>> [apiv2][query] GET https://serviceusage.googleapis.com/v1/projects/simple-crm-f1f46/services/firestore.googleapis.com [none]
[debug] [2023-01-31T17:30:23.168Z] >>> [apiv2][(partial)header] GET https://serviceusage.googleapis.com/v1/projects/simple-crm-f1f46/services/firestore.googleapis.com x-goog-quota-user=projects/simple-crm-f1f46
[debug] [2023-01-31T17:30:24.140Z] <<< [apiv2][status] GET https://serviceusage.googleapis.com/v1/projects/simple-crm-f1f46/services/firestore.googleapis.com 200
[debug] [2023-01-31T17:30:24.140Z] <<< [apiv2][body] GET https://serviceusage.googleapis.com/v1/projects/simple-crm-f1f46/services/firestore.googleapis.com [omitted]
[debug] [2023-01-31T17:30:24.140Z] >>> [apiv2][query] GET https://appengine.googleapis.com/v1/apps/simple-crm-f1f46 [none]
[debug] [2023-01-31T17:30:24.404Z] <<< [apiv2][status] GET https://appengine.googleapis.com/v1/apps/simple-crm-f1f46 200
[debug] [2023-01-31T17:30:24.404Z] <<< [apiv2][body] GET https://appengine.googleapis.com/v1/apps/simple-crm-f1f46 {"name":"apps/simple-crm-f1f46","id":"simple-crm-f1f46","authDomain":"gmail.com","locationId":"europe-west","codeBucket":"staging.simple-crm-f1f46.appspot.com","servingStatus":"SERVING","defaultHostname":"simple-crm-f1f46.ew.r.appspot.com","defaultBucket":"simple-crm-f1f46.appspot.com","serviceAccount":"simple-crm-f1f46@appspot.gserviceaccount.com","gcrDomain":"eu.gcr.io","databaseType":"CLOUD_FIRESTORE","featureSettings":{"splitHealthChecks":true,"useContainerOptimizedOs":true}}
[debug] [2023-01-31T17:30:24.404Z] database_type: CLOUD_FIRESTORE
[debug] [2023-01-31T17:30:24.404Z] > command requires scopes: ["email","openid","https://www.googleapis.com/auth/cloudplatformprojects.readonly","https://www.googleapis.com/auth/firebase","https://www.googleapis.com/auth/cloud-platform"]
[debug] [2023-01-31T17:30:24.405Z] > authorizing via signed-in user (leon.groschek12@gmail.com)
[debug] [2023-01-31T17:30:24.405Z] [iam] checking project simple-crm-f1f46 for permissions ["firebase.projects.get"]
[debug] [2023-01-31T17:30:24.405Z] >>> [apiv2][query] POST https://cloudresourcemanager.googleapis.com/v1/projects/simple-crm-f1f46:testIamPermissions [none]
[debug] [2023-01-31T17:30:24.405Z] >>> [apiv2][(partial)header] POST https://cloudresourcemanager.googleapis.com/v1/projects/simple-crm-f1f46:testIamPermissions x-goog-quota-user=projects/simple-crm-f1f46
[debug] [2023-01-31T17:30:24.405Z] >>> [apiv2][body] POST https://cloudresourcemanager.googleapis.com/v1/projects/simple-crm-f1f46:testIamPermissions {"permissions":["firebase.projects.get"]}
[debug] [2023-01-31T17:30:25.228Z] <<< [apiv2][status] POST https://cloudresourcemanager.googleapis.com/v1/projects/simple-crm-f1f46:testIamPermissions 200
[debug] [2023-01-31T17:30:25.228Z] <<< [apiv2][body] POST https://cloudresourcemanager.googleapis.com/v1/projects/simple-crm-f1f46:testIamPermissions {"permissions":["firebase.projects.get"]}
[info] 
[info] Firestore Security Rules allow you to define how and when to allow
[info] requests. You can keep these rules in your project directory
[info] and publish them with firebase deploy.
[info] 
[debug] [2023-01-31T17:30:27.009Z] >>> [apiv2][query] GET https://firebaserules.googleapis.com/v1/projects/simple-crm-f1f46/releases pageSize=10&pageToken=
[debug] [2023-01-31T17:30:27.868Z] <<< [apiv2][status] GET https://firebaserules.googleapis.com/v1/projects/simple-crm-f1f46/releases 200
[debug] [2023-01-31T17:30:27.868Z] <<< [apiv2][body] GET https://firebaserules.googleapis.com/v1/projects/simple-crm-f1f46/releases {"releases":[{"name":"projects/simple-crm-f1f46/releases/cloud.firestore","rulesetName":"projects/simple-crm-f1f46/rulesets/2d88eb5f-bda8-45ea-8e14-25c44a8f7f5a","createTime":"2023-01-31T17:14:18.381864Z","updateTime":"2023-01-31T17:14:30.417175Z"}]}
[debug] [2023-01-31T17:30:27.868Z] Found ruleset: projects/simple-crm-f1f46/rulesets/2d88eb5f-bda8-45ea-8e14-25c44a8f7f5a
[debug] [2023-01-31T17:30:27.869Z] >>> [apiv2][query] GET https://firebaserules.googleapis.com/v1/projects/simple-crm-f1f46/rulesets/2d88eb5f-bda8-45ea-8e14-25c44a8f7f5a [none]
[debug] [2023-01-31T17:30:28.657Z] <<< [apiv2][status] GET https://firebaserules.googleapis.com/v1/projects/simple-crm-f1f46/rulesets/2d88eb5f-bda8-45ea-8e14-25c44a8f7f5a 200
[debug] [2023-01-31T17:30:28.657Z] <<< [apiv2][body] GET https://firebaserules.googleapis.com/v1/projects/simple-crm-f1f46/rulesets/2d88eb5f-bda8-45ea-8e14-25c44a8f7f5a [omitted]
[info] 
[info] Firestore indexes allow you to perform complex queries while
[info] maintaining performance that scales with the size of the result
[info] set. You can keep index definitions in your project directory
[info] and publish them with firebase deploy.
[info] 
[debug] [2023-01-31T17:30:30.274Z] >>> [apiv2][query] GET https://firestore.googleapis.com/v1/projects/simple-crm-f1f46/databases/(default)/collectionGroups/-/indexes [none]
[debug] [2023-01-31T17:30:30.276Z] >>> [apiv2][query] GET https://firestore.googleapis.com/v1/projects/simple-crm-f1f46/databases/(default)/collectionGroups/-/fields?filter=indexConfig.usesAncestorConfig=false OR ttlConfig:* [none]
[debug] [2023-01-31T17:30:30.555Z] <<< [apiv2][status] GET https://firestore.googleapis.com/v1/projects/simple-crm-f1f46/databases/(default)/collectionGroups/-/fields?filter=indexConfig.usesAncestorConfig=false OR ttlConfig:* 200
[debug] [2023-01-31T17:30:30.555Z] <<< [apiv2][body] GET https://firestore.googleapis.com/v1/projects/simple-crm-f1f46/databases/(default)/collectionGroups/-/fields?filter=indexConfig.usesAncestorConfig=false OR ttlConfig:* {"fields":[{"name":"projects/simple-crm-f1f46/databases/(default)/collectionGroups/__default__/fields/*","indexConfig":{"indexes":[{"queryScope":"COLLECTION","fields":[{"fieldPath":"*","order":"ASCENDING"}],"state":"READY"},{"queryScope":"COLLECTION","fields":[{"fieldPath":"*","order":"DESCENDING"}],"state":"READY"},{"queryScope":"COLLECTION","fields":[{"fieldPath":"*","arrayConfig":"CONTAINS"}],"state":"READY"}]}}]}
[debug] [2023-01-31T17:30:30.560Z] <<< [apiv2][status] GET https://firestore.googleapis.com/v1/projects/simple-crm-f1f46/databases/(default)/collectionGroups/-/indexes 200
[debug] [2023-01-31T17:30:30.561Z] <<< [apiv2][body] GET https://firestore.googleapis.com/v1/projects/simple-crm-f1f46/databases/(default)/collectionGroups/-/indexes {}
[info] 
=== Hosting Setup
[info] 
[info] Your public directory is the folder (relative to your project directory) that
[info] will contain Hosting assets to be uploaded with firebase deploy. If you
[info] have a build process for your assets, use your build's output directory.
[info] 
[debug] [2023-01-31T17:30:35.631Z] >>> [apiv2][query] GET https://www.gstatic.com/firebasejs/releases.json [none]
[debug] [2023-01-31T17:30:35.787Z] <<< [apiv2][status] GET https://www.gstatic.com/firebasejs/releases.json 200
[debug] [2023-01-31T17:30:35.787Z] <<< [apiv2][body] GET https://www.gstatic.com/firebasejs/releases.json {"current":{"version":"9.16.0","browserURL":"https://www.gstatic.com/firebasejs/9.16.0/firebase.js","packageURL":"https://www.gstatic.com/firebasejs/9.16.0/firebase.tgz"},"live":{"version":"9.16","browserURL":"https://www.gstatic.com/firebasejs/live/9.16/firebase.js","packageURL":"https://www.gstatic.com/firebasejs/live/9.16/firebase.tgz"},"components":{"analytics":"https://www.gstatic.com/firebasejs/9.16.0/firebase-analytics.js","app":"https://www.gstatic.com/firebasejs/9.16.0/firebase-app.js","app-check":"https://www.gstatic.com/firebasejs/9.16.0/firebase-app-check.js","auth":"https://www.gstatic.com/firebasejs/9.16.0/firebase-auth.js","auth/cordova":"https://www.gstatic.com/firebasejs/9.16.0/firebase-auth/cordova.js","auth/react-native":"https://www.gstatic.com/firebasejs/9.16.0/firebase-auth/react-native.js","functions":"https://www.gstatic.com/firebasejs/9.16.0/firebase-functions.js","firestore":"https://www.gstatic.com/firebasejs/9.16.0/firebase-firestore.js","firestore/lite":"https://www.gstatic.com/firebasejs/9.16.0/firebase-firestore/lite.js","installations":"https://www.gstatic.com/firebasejs/9.16.0/firebase-installations.js","storage":"https://www.gstatic.com/firebasejs/9.16.0/firebase-storage.js","performance":"https://www.gstatic.com/firebasejs/9.16.0/firebase-performance.js","remote-config":"https://www.gstatic.com/firebasejs/9.16.0/firebase-remote-config.js","messaging":"https://www.gstatic.com/firebasejs/9.16.0/firebase-messaging.js","messaging/sw":"https://www.gstatic.com/firebasejs/9.16.0/firebase-messaging/sw.js","database":"https://www.gstatic.com/firebasejs/9.16.0/firebase-database.js","firestore.memory":"https://www.gstatic.com/firebasejs/9.16.0/firebase-firestore.memory.js"}}
[debug] [2023-01-31T17:30:35.928Z] Error: ENOTDIR: not a directory, scandir 'C:\Users\LGros\Desktop\JS Projekte\simple-crm\dist'
    at Object.readdirSync (node:fs:1390:3)
    at Object.createFileSync (C:\Users\LGros\AppData\Roaming\npm\node_modules\firebase-tools\node_modules\fs-extra\lib\ensure\file.js:55:10)
    at Config.writeProjectFile (C:\Users\LGros\AppData\Roaming\npm\node_modules\firebase-tools\lib\config.js:152:12)
    at C:\Users\LGros\AppData\Roaming\npm\node_modules\firebase-tools\lib\config.js:176:22
    at processTicksAndRejections (node:internal/process/task_queues:96:5)
    at async doSetup (C:\Users\LGros\AppData\Roaming\npm\node_modules\firebase-tools\lib\init\features\hosting\index.js:133:9)
    at async init (C:\Users\LGros\AppData\Roaming\npm\node_modules\firebase-tools\lib\init\index.js:36:9)
[error] 
[error] Error: An unexpected error has occurred.
[debug] [2023-01-31T17:34:23.577Z] ----------------------------------------------------------------------
[debug] [2023-01-31T17:34:23.579Z] Command:       C:\Program Files\nodejs\node.exe C:\Users\LGros\AppData\Roaming\npm\node_modules\firebase-tools\lib\bin\firebase.js init
[debug] [2023-01-31T17:34:23.579Z] CLI Version:   11.19.0
[debug] [2023-01-31T17:34:23.580Z] Platform:      win32
[debug] [2023-01-31T17:34:23.580Z] Node Version:  v17.0.1
[debug] [2023-01-31T17:34:23.581Z] Time:          Tue Jan 31 2023 18:34:23 GMT+0100 (Mitteleuropäische Normalzeit)
[debug] [2023-01-31T17:34:23.581Z] ----------------------------------------------------------------------
[debug] 
[debug] [2023-01-31T17:34:23.646Z] > command requires scopes: ["email","openid","https://www.googleapis.com/auth/cloudplatformprojects.readonly","https://www.googleapis.com/auth/firebase","https://www.googleapis.com/auth/cloud-platform"]
[debug] [2023-01-31T17:34:23.646Z] > authorizing via signed-in user (leon.groschek12@gmail.com)
[info] 
     ######## #### ########  ######## ########     ###     ######  ########
     ##        ##  ##     ## ##       ##     ##  ##   ##  ##       ##
     ######    ##  ########  ######   ########  #########  ######  ######
     ##        ##  ##    ##  ##       ##     ## ##     ##       ## ##
     ##       #### ##     ## ######## ########  ##     ##  ######  ########

You're about to initialize a Firebase project in this directory:

  C:\Users\LGros\Desktop\JS Projekte\simple-crm

Before we get started, keep in mind:

  * You are initializing within an existing Firebase project directory

[info] 
=== Project Setup
[info] 
[info] First, let's associate this project directory with a Firebase project.
[info] You can create multiple project aliases by running firebase use --add, 
[info] but for now we'll just set up a default project.
[info] 
[debug] [2023-01-31T17:34:28.688Z] Using project from CLI flag: simple-crm-f1f46
[debug] [2023-01-31T17:34:28.690Z] >>> [apiv2][query] GET https://firebase.googleapis.com/v1beta1/projects/simple-crm-f1f46 [none]
[debug] [2023-01-31T17:34:29.097Z] <<< [apiv2][status] GET https://firebase.googleapis.com/v1beta1/projects/simple-crm-f1f46 200
[debug] [2023-01-31T17:34:29.098Z] <<< [apiv2][body] GET https://firebase.googleapis.com/v1beta1/projects/simple-crm-f1f46 {"projectId":"simple-crm-f1f46","projectNumber":"82158064310","displayName":"Simple-CRM","name":"projects/simple-crm-f1f46","resources":{"hostingSite":"simple-crm-f1f46","realtimeDatabaseInstance":"simple-crm-f1f46-default-rtdb","storageBucket":"simple-crm-f1f46.appspot.com","locationId":"europe-west"},"state":"ACTIVE","etag":"1_b1e4867e-3f89-479c-a106-fcaee0f3a1b8"}
[info] i  Using project simple-crm-f1f46 (Simple-CRM) 
[info] 
=== Database Setup
[info] i  database: ensuring required API firebasedatabase.googleapis.com is enabled... 
[debug] [2023-01-31T17:34:29.110Z] >>> [apiv2][query] GET https://serviceusage.googleapis.com/v1/projects/simple-crm-f1f46/services/firebasedatabase.googleapis.com [none]
[debug] [2023-01-31T17:34:29.110Z] >>> [apiv2][(partial)header] GET https://serviceusage.googleapis.com/v1/projects/simple-crm-f1f46/services/firebasedatabase.googleapis.com x-goog-quota-user=projects/simple-crm-f1f46
[debug] [2023-01-31T17:34:30.118Z] <<< [apiv2][status] GET https://serviceusage.googleapis.com/v1/projects/simple-crm-f1f46/services/firebasedatabase.googleapis.com 200
[debug] [2023-01-31T17:34:30.118Z] <<< [apiv2][body] GET https://serviceusage.googleapis.com/v1/projects/simple-crm-f1f46/services/firebasedatabase.googleapis.com [omitted]
[info] +  database: required API firebasedatabase.googleapis.com is enabled 
[info] 
[debug] [2023-01-31T17:34:30.120Z] >>> [apiv2][query] GET https://firebasedatabase.googleapis.com/v1beta/projects/simple-crm-f1f46/locations/-/instances/simple-crm-f1f46-default-rtdb [none]
[debug] [2023-01-31T17:34:30.616Z] <<< [apiv2][status] GET https://firebasedatabase.googleapis.com/v1beta/projects/simple-crm-f1f46/locations/-/instances/simple-crm-f1f46-default-rtdb 200
[debug] [2023-01-31T17:34:30.616Z] <<< [apiv2][body] GET https://firebasedatabase.googleapis.com/v1beta/projects/simple-crm-f1f46/locations/-/instances/simple-crm-f1f46-default-rtdb {"name":"projects/82158064310/locations/europe-west1/instances/simple-crm-f1f46-default-rtdb","project":"projects/82158064310","databaseUrl":"https://simple-crm-f1f46-default-rtdb.europe-west1.firebasedatabase.app","type":"DEFAULT_DATABASE","state":"ACTIVE"}
[info] 
[info] Firebase Realtime Database Security Rules allow you to define how your data should be
[info] structured and when your data can be read from and written to.
[info] 
[debug] [2023-01-31T17:34:32.977Z] >>> [apiv2][query] GET https://simple-crm-f1f46-default-rtdb.europe-west1.firebasedatabase.app/.settings/rules.json [none]
[debug] [2023-01-31T17:34:33.193Z] <<< [apiv2][status] GET https://simple-crm-f1f46-default-rtdb.europe-west1.firebasedatabase.app/.settings/rules.json 200
[debug] [2023-01-31T17:34:33.193Z] <<< [apiv2][body] GET https://simple-crm-f1f46-default-rtdb.europe-west1.firebasedatabase.app/.settings/rules.json [stream]
[info] +  Database Rules for simple-crm-f1f46-default-rtdb have been written to database.rules.json. 
[info] Future modifications to database.rules.json will update Realtime Database Security Rules when you run
[info] firebase deploy.
[info] 
=== Firestore Setup
[debug] [2023-01-31T17:34:33.197Z] >>> [apiv2][query] GET https://serviceusage.googleapis.com/v1/projects/simple-crm-f1f46/services/firestore.googleapis.com [none]
[debug] [2023-01-31T17:34:33.198Z] >>> [apiv2][(partial)header] GET https://serviceusage.googleapis.com/v1/projects/simple-crm-f1f46/services/firestore.googleapis.com x-goog-quota-user=projects/simple-crm-f1f46
[debug] [2023-01-31T17:34:34.169Z] <<< [apiv2][status] GET https://serviceusage.googleapis.com/v1/projects/simple-crm-f1f46/services/firestore.googleapis.com 200
[debug] [2023-01-31T17:34:34.170Z] <<< [apiv2][body] GET https://serviceusage.googleapis.com/v1/projects/simple-crm-f1f46/services/firestore.googleapis.com [omitted]
[debug] [2023-01-31T17:34:34.170Z] >>> [apiv2][query] GET https://appengine.googleapis.com/v1/apps/simple-crm-f1f46 [none]
[debug] [2023-01-31T17:34:34.479Z] <<< [apiv2][status] GET https://appengine.googleapis.com/v1/apps/simple-crm-f1f46 200
[debug] [2023-01-31T17:34:34.479Z] <<< [apiv2][body] GET https://appengine.googleapis.com/v1/apps/simple-crm-f1f46 {"name":"apps/simple-crm-f1f46","id":"simple-crm-f1f46","authDomain":"gmail.com","locationId":"europe-west","codeBucket":"staging.simple-crm-f1f46.appspot.com","servingStatus":"SERVING","defaultHostname":"simple-crm-f1f46.ew.r.appspot.com","defaultBucket":"simple-crm-f1f46.appspot.com","serviceAccount":"simple-crm-f1f46@appspot.gserviceaccount.com","gcrDomain":"eu.gcr.io","databaseType":"CLOUD_FIRESTORE","featureSettings":{"splitHealthChecks":true,"useContainerOptimizedOs":true}}
[debug] [2023-01-31T17:34:34.480Z] database_type: CLOUD_FIRESTORE
[debug] [2023-01-31T17:34:34.480Z] > command requires scopes: ["email","openid","https://www.googleapis.com/auth/cloudplatformprojects.readonly","https://www.googleapis.com/auth/firebase","https://www.googleapis.com/auth/cloud-platform"]
[debug] [2023-01-31T17:34:34.480Z] > authorizing via signed-in user (leon.groschek12@gmail.com)
[debug] [2023-01-31T17:34:34.480Z] [iam] checking project simple-crm-f1f46 for permissions ["firebase.projects.get"]
[debug] [2023-01-31T17:34:34.480Z] >>> [apiv2][query] POST https://cloudresourcemanager.googleapis.com/v1/projects/simple-crm-f1f46:testIamPermissions [none]
[debug] [2023-01-31T17:34:34.480Z] >>> [apiv2][(partial)header] POST https://cloudresourcemanager.googleapis.com/v1/projects/simple-crm-f1f46:testIamPermissions x-goog-quota-user=projects/simple-crm-f1f46
[debug] [2023-01-31T17:34:34.480Z] >>> [apiv2][body] POST https://cloudresourcemanager.googleapis.com/v1/projects/simple-crm-f1f46:testIamPermissions {"permissions":["firebase.projects.get"]}
[debug] [2023-01-31T17:34:35.279Z] <<< [apiv2][status] POST https://cloudresourcemanager.googleapis.com/v1/projects/simple-crm-f1f46:testIamPermissions 200
[debug] [2023-01-31T17:34:35.279Z] <<< [apiv2][body] POST https://cloudresourcemanager.googleapis.com/v1/projects/simple-crm-f1f46:testIamPermissions {"permissions":["firebase.projects.get"]}
[info] 
[info] Firestore Security Rules allow you to define how and when to allow
[info] requests. You can keep these rules in your project directory
[info] and publish them with firebase deploy.
[info] 
[debug] [2023-01-31T17:34:36.763Z] >>> [apiv2][query] GET https://firebaserules.googleapis.com/v1/projects/simple-crm-f1f46/releases pageSize=10&pageToken=
[debug] [2023-01-31T17:34:37.556Z] <<< [apiv2][status] GET https://firebaserules.googleapis.com/v1/projects/simple-crm-f1f46/releases 200
[debug] [2023-01-31T17:34:37.556Z] <<< [apiv2][body] GET https://firebaserules.googleapis.com/v1/projects/simple-crm-f1f46/releases {"releases":[{"name":"projects/simple-crm-f1f46/releases/cloud.firestore","rulesetName":"projects/simple-crm-f1f46/rulesets/2d88eb5f-bda8-45ea-8e14-25c44a8f7f5a","createTime":"2023-01-31T17:14:18.381864Z","updateTime":"2023-01-31T17:14:30.417175Z"}]}
[debug] [2023-01-31T17:34:37.556Z] Found ruleset: projects/simple-crm-f1f46/rulesets/2d88eb5f-bda8-45ea-8e14-25c44a8f7f5a
[debug] [2023-01-31T17:34:37.556Z] >>> [apiv2][query] GET https://firebaserules.googleapis.com/v1/projects/simple-crm-f1f46/rulesets/2d88eb5f-bda8-45ea-8e14-25c44a8f7f5a [none]
[debug] [2023-01-31T17:34:37.880Z] <<< [apiv2][status] GET https://firebaserules.googleapis.com/v1/projects/simple-crm-f1f46/rulesets/2d88eb5f-bda8-45ea-8e14-25c44a8f7f5a 200
[debug] [2023-01-31T17:34:37.880Z] <<< [apiv2][body] GET https://firebaserules.googleapis.com/v1/projects/simple-crm-f1f46/rulesets/2d88eb5f-bda8-45ea-8e14-25c44a8f7f5a [omitted]
[info] 
[info] Firestore indexes allow you to perform complex queries while
[info] maintaining performance that scales with the size of the result
[info] set. You can keep index definitions in your project directory
[info] and publish them with firebase deploy.
[info] 
[debug] [2023-01-31T17:34:39.339Z] >>> [apiv2][query] GET https://firestore.googleapis.com/v1/projects/simple-crm-f1f46/databases/(default)/collectionGroups/-/indexes [none]
[debug] [2023-01-31T17:34:39.342Z] >>> [apiv2][query] GET https://firestore.googleapis.com/v1/projects/simple-crm-f1f46/databases/(default)/collectionGroups/-/fields?filter=indexConfig.usesAncestorConfig=false OR ttlConfig:* [none]
[debug] [2023-01-31T17:34:39.593Z] <<< [apiv2][status] GET https://firestore.googleapis.com/v1/projects/simple-crm-f1f46/databases/(default)/collectionGroups/-/fields?filter=indexConfig.usesAncestorConfig=false OR ttlConfig:* 200
[debug] [2023-01-31T17:34:39.593Z] <<< [apiv2][body] GET https://firestore.googleapis.com/v1/projects/simple-crm-f1f46/databases/(default)/collectionGroups/-/fields?filter=indexConfig.usesAncestorConfig=false OR ttlConfig:* {"fields":[{"name":"projects/simple-crm-f1f46/databases/(default)/collectionGroups/__default__/fields/*","indexConfig":{"indexes":[{"queryScope":"COLLECTION","fields":[{"fieldPath":"*","order":"ASCENDING"}],"state":"READY"},{"queryScope":"COLLECTION","fields":[{"fieldPath":"*","order":"DESCENDING"}],"state":"READY"},{"queryScope":"COLLECTION","fields":[{"fieldPath":"*","arrayConfig":"CONTAINS"}],"state":"READY"}]}}]}
[debug] [2023-01-31T17:34:39.594Z] <<< [apiv2][status] GET https://firestore.googleapis.com/v1/projects/simple-crm-f1f46/databases/(default)/collectionGroups/-/indexes 200
[debug] [2023-01-31T17:34:39.594Z] <<< [apiv2][body] GET https://firestore.googleapis.com/v1/projects/simple-crm-f1f46/databases/(default)/collectionGroups/-/indexes {}
[info] 
=== Hosting Setup
[info] 
[info] Your public directory is the folder (relative to your project directory) that
[info] will contain Hosting assets to be uploaded with firebase deploy. If you
[info] have a build process for your assets, use your build's output directory.
[info] 
[debug] [2023-01-31T17:34:46.724Z] >>> [apiv2][query] GET https://www.gstatic.com/firebasejs/releases.json [none]
[debug] [2023-01-31T17:34:46.862Z] <<< [apiv2][status] GET https://www.gstatic.com/firebasejs/releases.json 200
[debug] [2023-01-31T17:34:46.862Z] <<< [apiv2][body] GET https://www.gstatic.com/firebasejs/releases.json {"current":{"version":"9.16.0","browserURL":"https://www.gstatic.com/firebasejs/9.16.0/firebase.js","packageURL":"https://www.gstatic.com/firebasejs/9.16.0/firebase.tgz"},"live":{"version":"9.16","browserURL":"https://www.gstatic.com/firebasejs/live/9.16/firebase.js","packageURL":"https://www.gstatic.com/firebasejs/live/9.16/firebase.tgz"},"components":{"analytics":"https://www.gstatic.com/firebasejs/9.16.0/firebase-analytics.js","app":"https://www.gstatic.com/firebasejs/9.16.0/firebase-app.js","app-check":"https://www.gstatic.com/firebasejs/9.16.0/firebase-app-check.js","auth":"https://www.gstatic.com/firebasejs/9.16.0/firebase-auth.js","auth/cordova":"https://www.gstatic.com/firebasejs/9.16.0/firebase-auth/cordova.js","auth/react-native":"https://www.gstatic.com/firebasejs/9.16.0/firebase-auth/react-native.js","functions":"https://www.gstatic.com/firebasejs/9.16.0/firebase-functions.js","firestore":"https://www.gstatic.com/firebasejs/9.16.0/firebase-firestore.js","firestore/lite":"https://www.gstatic.com/firebasejs/9.16.0/firebase-firestore/lite.js","installations":"https://www.gstatic.com/firebasejs/9.16.0/firebase-installations.js","storage":"https://www.gstatic.com/firebasejs/9.16.0/firebase-storage.js","performance":"https://www.gstatic.com/firebasejs/9.16.0/firebase-performance.js","remote-config":"https://www.gstatic.com/firebasejs/9.16.0/firebase-remote-config.js","messaging":"https://www.gstatic.com/firebasejs/9.16.0/firebase-messaging.js","messaging/sw":"https://www.gstatic.com/firebasejs/9.16.0/firebase-messaging/sw.js","database":"https://www.gstatic.com/firebasejs/9.16.0/firebase-database.js","firestore.memory":"https://www.gstatic.com/firebasejs/9.16.0/firebase-firestore.memory.js"}}
[debug] [2023-01-31T17:34:47.003Z] Error: ENOTDIR: not a directory, scandir 'C:\Users\LGros\Desktop\JS Projekte\simple-crm\dist'
    at Object.readdirSync (node:fs:1390:3)
    at Object.createFileSync (C:\Users\LGros\AppData\Roaming\npm\node_modules\firebase-tools\node_modules\fs-extra\lib\ensure\file.js:55:10)
    at Config.writeProjectFile (C:\Users\LGros\AppData\Roaming\npm\node_modules\firebase-tools\lib\config.js:152:12)
    at C:\Users\LGros\AppData\Roaming\npm\node_modules\firebase-tools\lib\config.js:176:22
    at processTicksAndRejections (node:internal/process/task_queues:96:5)
    at async doSetup (C:\Users\LGros\AppData\Roaming\npm\node_modules\firebase-tools\lib\init\features\hosting\index.js:133:9)
    at async init (C:\Users\LGros\AppData\Roaming\npm\node_modules\firebase-tools\lib\init\index.js:36:9)
[error] 
[error] Error: An unexpected error has occurred.
[debug] [2023-01-31T17:37:50.634Z] ----------------------------------------------------------------------
[debug] [2023-01-31T17:37:50.636Z] Command:       C:\Program Files\nodejs\node.exe C:\Users\LGros\AppData\Roaming\npm\node_modules\firebase-tools\lib\bin\firebase.js init
[debug] [2023-01-31T17:37:50.636Z] CLI Version:   11.19.0
[debug] [2023-01-31T17:37:50.636Z] Platform:      win32
[debug] [2023-01-31T17:37:50.637Z] Node Version:  v17.0.1
[debug] [2023-01-31T17:37:50.637Z] Time:          Tue Jan 31 2023 18:37:50 GMT+0100 (Mitteleuropäische Normalzeit)
[debug] [2023-01-31T17:37:50.638Z] ----------------------------------------------------------------------
[debug] 
[debug] [2023-01-31T17:37:50.702Z] > command requires scopes: ["email","openid","https://www.googleapis.com/auth/cloudplatformprojects.readonly","https://www.googleapis.com/auth/firebase","https://www.googleapis.com/auth/cloud-platform"]
[debug] [2023-01-31T17:37:50.703Z] > authorizing via signed-in user (leon.groschek12@gmail.com)
[info] 
     ######## #### ########  ######## ########     ###     ######  ########
     ##        ##  ##     ## ##       ##     ##  ##   ##  ##       ##
     ######    ##  ########  ######   ########  #########  ######  ######
     ##        ##  ##    ##  ##       ##     ## ##     ##       ## ##
     ##       #### ##     ## ######## ########  ##     ##  ######  ########

You're about to initialize a Firebase project in this directory:

  C:\Users\LGros\Desktop\JS Projekte\simple-crm

Before we get started, keep in mind:

  * You are initializing within an existing Firebase project directory

[info] 
=== Project Setup
[info] 
[info] First, let's associate this project directory with a Firebase project.
[info] You can create multiple project aliases by running firebase use --add, 
[info] but for now we'll just set up a default project.
[info] 
[debug] [2023-01-31T17:37:54.504Z] Using project from CLI flag: simple-crm-f1f46
[debug] [2023-01-31T17:37:54.506Z] >>> [apiv2][query] GET https://firebase.googleapis.com/v1beta1/projects/simple-crm-f1f46 [none]
[debug] [2023-01-31T17:37:55.006Z] <<< [apiv2][status] GET https://firebase.googleapis.com/v1beta1/projects/simple-crm-f1f46 200
[debug] [2023-01-31T17:37:55.006Z] <<< [apiv2][body] GET https://firebase.googleapis.com/v1beta1/projects/simple-crm-f1f46 {"projectId":"simple-crm-f1f46","projectNumber":"82158064310","displayName":"Simple-CRM","name":"projects/simple-crm-f1f46","resources":{"hostingSite":"simple-crm-f1f46","realtimeDatabaseInstance":"simple-crm-f1f46-default-rtdb","storageBucket":"simple-crm-f1f46.appspot.com","locationId":"europe-west"},"state":"ACTIVE","etag":"1_b1e4867e-3f89-479c-a106-fcaee0f3a1b8"}
[info] i  Using project simple-crm-f1f46 (Simple-CRM) 
[info] 
=== Database Setup
[info] i  database: ensuring required API firebasedatabase.googleapis.com is enabled... 
[debug] [2023-01-31T17:37:55.018Z] >>> [apiv2][query] GET https://serviceusage.googleapis.com/v1/projects/simple-crm-f1f46/services/firebasedatabase.googleapis.com [none]
[debug] [2023-01-31T17:37:55.018Z] >>> [apiv2][(partial)header] GET https://serviceusage.googleapis.com/v1/projects/simple-crm-f1f46/services/firebasedatabase.googleapis.com x-goog-quota-user=projects/simple-crm-f1f46
[debug] [2023-01-31T17:37:56.042Z] <<< [apiv2][status] GET https://serviceusage.googleapis.com/v1/projects/simple-crm-f1f46/services/firebasedatabase.googleapis.com 200
[debug] [2023-01-31T17:37:56.042Z] <<< [apiv2][body] GET https://serviceusage.googleapis.com/v1/projects/simple-crm-f1f46/services/firebasedatabase.googleapis.com [omitted]
[info] +  database: required API firebasedatabase.googleapis.com is enabled 
[info] 
[debug] [2023-01-31T17:37:56.043Z] >>> [apiv2][query] GET https://firebasedatabase.googleapis.com/v1beta/projects/simple-crm-f1f46/locations/-/instances/simple-crm-f1f46-default-rtdb [none]
[debug] [2023-01-31T17:37:56.416Z] <<< [apiv2][status] GET https://firebasedatabase.googleapis.com/v1beta/projects/simple-crm-f1f46/locations/-/instances/simple-crm-f1f46-default-rtdb 200
[debug] [2023-01-31T17:37:56.417Z] <<< [apiv2][body] GET https://firebasedatabase.googleapis.com/v1beta/projects/simple-crm-f1f46/locations/-/instances/simple-crm-f1f46-default-rtdb {"name":"projects/82158064310/locations/europe-west1/instances/simple-crm-f1f46-default-rtdb","project":"projects/82158064310","databaseUrl":"https://simple-crm-f1f46-default-rtdb.europe-west1.firebasedatabase.app","type":"DEFAULT_DATABASE","state":"ACTIVE"}
[info] 
[info] Firebase Realtime Database Security Rules allow you to define how your data should be
[info] structured and when your data can be read from and written to.
[info] 
[debug] [2023-01-31T17:37:58.465Z] >>> [apiv2][query] GET https://simple-crm-f1f46-default-rtdb.europe-west1.firebasedatabase.app/.settings/rules.json [none]
[debug] [2023-01-31T17:37:58.639Z] <<< [apiv2][status] GET https://simple-crm-f1f46-default-rtdb.europe-west1.firebasedatabase.app/.settings/rules.json 200
[debug] [2023-01-31T17:37:58.639Z] <<< [apiv2][body] GET https://simple-crm-f1f46-default-rtdb.europe-west1.firebasedatabase.app/.settings/rules.json [stream]
[info] +  Database Rules for simple-crm-f1f46-default-rtdb have been written to database.rules.json. 
[info] Future modifications to database.rules.json will update Realtime Database Security Rules when you run
[info] firebase deploy.
[info] 
=== Firestore Setup
[debug] [2023-01-31T17:37:58.643Z] >>> [apiv2][query] GET https://serviceusage.googleapis.com/v1/projects/simple-crm-f1f46/services/firestore.googleapis.com [none]
[debug] [2023-01-31T17:37:58.643Z] >>> [apiv2][(partial)header] GET https://serviceusage.googleapis.com/v1/projects/simple-crm-f1f46/services/firestore.googleapis.com x-goog-quota-user=projects/simple-crm-f1f46
[debug] [2023-01-31T17:37:59.633Z] <<< [apiv2][status] GET https://serviceusage.googleapis.com/v1/projects/simple-crm-f1f46/services/firestore.googleapis.com 200
[debug] [2023-01-31T17:37:59.633Z] <<< [apiv2][body] GET https://serviceusage.googleapis.com/v1/projects/simple-crm-f1f46/services/firestore.googleapis.com [omitted]
[debug] [2023-01-31T17:37:59.634Z] >>> [apiv2][query] GET https://appengine.googleapis.com/v1/apps/simple-crm-f1f46 [none]
[debug] [2023-01-31T17:37:59.884Z] <<< [apiv2][status] GET https://appengine.googleapis.com/v1/apps/simple-crm-f1f46 200
[debug] [2023-01-31T17:37:59.884Z] <<< [apiv2][body] GET https://appengine.googleapis.com/v1/apps/simple-crm-f1f46 {"name":"apps/simple-crm-f1f46","id":"simple-crm-f1f46","authDomain":"gmail.com","locationId":"europe-west","codeBucket":"staging.simple-crm-f1f46.appspot.com","servingStatus":"SERVING","defaultHostname":"simple-crm-f1f46.ew.r.appspot.com","defaultBucket":"simple-crm-f1f46.appspot.com","serviceAccount":"simple-crm-f1f46@appspot.gserviceaccount.com","gcrDomain":"eu.gcr.io","databaseType":"CLOUD_FIRESTORE","featureSettings":{"splitHealthChecks":true,"useContainerOptimizedOs":true}}
[debug] [2023-01-31T17:37:59.884Z] database_type: CLOUD_FIRESTORE
[debug] [2023-01-31T17:37:59.884Z] > command requires scopes: ["email","openid","https://www.googleapis.com/auth/cloudplatformprojects.readonly","https://www.googleapis.com/auth/firebase","https://www.googleapis.com/auth/cloud-platform"]
[debug] [2023-01-31T17:37:59.884Z] > authorizing via signed-in user (leon.groschek12@gmail.com)
[debug] [2023-01-31T17:37:59.885Z] [iam] checking project simple-crm-f1f46 for permissions ["firebase.projects.get"]
[debug] [2023-01-31T17:37:59.885Z] >>> [apiv2][query] POST https://cloudresourcemanager.googleapis.com/v1/projects/simple-crm-f1f46:testIamPermissions [none]
[debug] [2023-01-31T17:37:59.885Z] >>> [apiv2][(partial)header] POST https://cloudresourcemanager.googleapis.com/v1/projects/simple-crm-f1f46:testIamPermissions x-goog-quota-user=projects/simple-crm-f1f46
[debug] [2023-01-31T17:37:59.885Z] >>> [apiv2][body] POST https://cloudresourcemanager.googleapis.com/v1/projects/simple-crm-f1f46:testIamPermissions {"permissions":["firebase.projects.get"]}
[debug] [2023-01-31T17:38:00.179Z] <<< [apiv2][status] POST https://cloudresourcemanager.googleapis.com/v1/projects/simple-crm-f1f46:testIamPermissions 200
[debug] [2023-01-31T17:38:00.179Z] <<< [apiv2][body] POST https://cloudresourcemanager.googleapis.com/v1/projects/simple-crm-f1f46:testIamPermissions {"permissions":["firebase.projects.get"]}
[info] 
[info] Firestore Security Rules allow you to define how and when to allow
[info] requests. You can keep these rules in your project directory
[info] and publish them with firebase deploy.
[info] 
[debug] [2023-01-31T17:38:01.394Z] >>> [apiv2][query] GET https://firebaserules.googleapis.com/v1/projects/simple-crm-f1f46/releases pageSize=10&pageToken=
[debug] [2023-01-31T17:38:02.233Z] <<< [apiv2][status] GET https://firebaserules.googleapis.com/v1/projects/simple-crm-f1f46/releases 200
[debug] [2023-01-31T17:38:02.233Z] <<< [apiv2][body] GET https://firebaserules.googleapis.com/v1/projects/simple-crm-f1f46/releases {"releases":[{"name":"projects/simple-crm-f1f46/releases/cloud.firestore","rulesetName":"projects/simple-crm-f1f46/rulesets/2d88eb5f-bda8-45ea-8e14-25c44a8f7f5a","createTime":"2023-01-31T17:14:18.381864Z","updateTime":"2023-01-31T17:14:30.417175Z"}]}
[debug] [2023-01-31T17:38:02.234Z] Found ruleset: projects/simple-crm-f1f46/rulesets/2d88eb5f-bda8-45ea-8e14-25c44a8f7f5a
[debug] [2023-01-31T17:38:02.234Z] >>> [apiv2][query] GET https://firebaserules.googleapis.com/v1/projects/simple-crm-f1f46/rulesets/2d88eb5f-bda8-45ea-8e14-25c44a8f7f5a [none]
[debug] [2023-01-31T17:38:03.017Z] <<< [apiv2][status] GET https://firebaserules.googleapis.com/v1/projects/simple-crm-f1f46/rulesets/2d88eb5f-bda8-45ea-8e14-25c44a8f7f5a 200
[debug] [2023-01-31T17:38:03.017Z] <<< [apiv2][body] GET https://firebaserules.googleapis.com/v1/projects/simple-crm-f1f46/rulesets/2d88eb5f-bda8-45ea-8e14-25c44a8f7f5a [omitted]
[info] 
[info] Firestore indexes allow you to perform complex queries while
[info] maintaining performance that scales with the size of the result
[info] set. You can keep index definitions in your project directory
[info] and publish them with firebase deploy.
[info] 
[debug] [2023-01-31T17:38:04.321Z] >>> [apiv2][query] GET https://firestore.googleapis.com/v1/projects/simple-crm-f1f46/databases/(default)/collectionGroups/-/indexes [none]
[debug] [2023-01-31T17:38:04.323Z] >>> [apiv2][query] GET https://firestore.googleapis.com/v1/projects/simple-crm-f1f46/databases/(default)/collectionGroups/-/fields?filter=indexConfig.usesAncestorConfig=false OR ttlConfig:* [none]
[debug] [2023-01-31T17:38:04.613Z] <<< [apiv2][status] GET https://firestore.googleapis.com/v1/projects/simple-crm-f1f46/databases/(default)/collectionGroups/-/indexes 200
[debug] [2023-01-31T17:38:04.613Z] <<< [apiv2][body] GET https://firestore.googleapis.com/v1/projects/simple-crm-f1f46/databases/(default)/collectionGroups/-/indexes {}
[debug] [2023-01-31T17:38:04.618Z] <<< [apiv2][status] GET https://firestore.googleapis.com/v1/projects/simple-crm-f1f46/databases/(default)/collectionGroups/-/fields?filter=indexConfig.usesAncestorConfig=false OR ttlConfig:* 200
[debug] [2023-01-31T17:38:04.618Z] <<< [apiv2][body] GET https://firestore.googleapis.com/v1/projects/simple-crm-f1f46/databases/(default)/collectionGroups/-/fields?filter=indexConfig.usesAncestorConfig=false OR ttlConfig:* {"fields":[{"name":"projects/simple-crm-f1f46/databases/(default)/collectionGroups/__default__/fields/*","indexConfig":{"indexes":[{"queryScope":"COLLECTION","fields":[{"fieldPath":"*","order":"ASCENDING"}],"state":"READY"},{"queryScope":"COLLECTION","fields":[{"fieldPath":"*","order":"DESCENDING"}],"state":"READY"},{"queryScope":"COLLECTION","fields":[{"fieldPath":"*","arrayConfig":"CONTAINS"}],"state":"READY"}]}}]}
[info] 
=== Hosting Setup
[info] 
[info] Your public directory is the folder (relative to your project directory) that
[info] will contain Hosting assets to be uploaded with firebase deploy. If you
[info] have a build process for your assets, use your build's output directory.
[info] 
[debug] [2023-01-31T17:38:09.508Z] >>> [apiv2][query] GET https://www.gstatic.com/firebasejs/releases.json [none]
[debug] [2023-01-31T17:38:09.668Z] <<< [apiv2][status] GET https://www.gstatic.com/firebasejs/releases.json 200
[debug] [2023-01-31T17:38:09.668Z] <<< [apiv2][body] GET https://www.gstatic.com/firebasejs/releases.json {"current":{"version":"9.16.0","browserURL":"https://www.gstatic.com/firebasejs/9.16.0/firebase.js","packageURL":"https://www.gstatic.com/firebasejs/9.16.0/firebase.tgz"},"live":{"version":"9.16","browserURL":"https://www.gstatic.com/firebasejs/live/9.16/firebase.js","packageURL":"https://www.gstatic.com/firebasejs/live/9.16/firebase.tgz"},"components":{"analytics":"https://www.gstatic.com/firebasejs/9.16.0/firebase-analytics.js","app":"https://www.gstatic.com/firebasejs/9.16.0/firebase-app.js","app-check":"https://www.gstatic.com/firebasejs/9.16.0/firebase-app-check.js","auth":"https://www.gstatic.com/firebasejs/9.16.0/firebase-auth.js","auth/cordova":"https://www.gstatic.com/firebasejs/9.16.0/firebase-auth/cordova.js","auth/react-native":"https://www.gstatic.com/firebasejs/9.16.0/firebase-auth/react-native.js","functions":"https://www.gstatic.com/firebasejs/9.16.0/firebase-functions.js","firestore":"https://www.gstatic.com/firebasejs/9.16.0/firebase-firestore.js","firestore/lite":"https://www.gstatic.com/firebasejs/9.16.0/firebase-firestore/lite.js","installations":"https://www.gstatic.com/firebasejs/9.16.0/firebase-installations.js","storage":"https://www.gstatic.com/firebasejs/9.16.0/firebase-storage.js","performance":"https://www.gstatic.com/firebasejs/9.16.0/firebase-performance.js","remote-config":"https://www.gstatic.com/firebasejs/9.16.0/firebase-remote-config.js","messaging":"https://www.gstatic.com/firebasejs/9.16.0/firebase-messaging.js","messaging/sw":"https://www.gstatic.com/firebasejs/9.16.0/firebase-messaging/sw.js","database":"https://www.gstatic.com/firebasejs/9.16.0/firebase-database.js","firestore.memory":"https://www.gstatic.com/firebasejs/9.16.0/firebase-firestore.memory.js"}}
[debug] [2023-01-31T17:38:09.831Z] Error: ENOTDIR: not a directory, scandir 'C:\Users\LGros\Desktop\JS Projekte\simple-crm\dist'
    at Object.readdirSync (node:fs:1390:3)
    at Object.createFileSync (C:\Users\LGros\AppData\Roaming\npm\node_modules\firebase-tools\node_modules\fs-extra\lib\ensure\file.js:55:10)
    at Config.writeProjectFile (C:\Users\LGros\AppData\Roaming\npm\node_modules\firebase-tools\lib\config.js:152:12)
    at C:\Users\LGros\AppData\Roaming\npm\node_modules\firebase-tools\lib\config.js:176:22
    at processTicksAndRejections (node:internal/process/task_queues:96:5)
    at async doSetup (C:\Users\LGros\AppData\Roaming\npm\node_modules\firebase-tools\lib\init\features\hosting\index.js:133:9)
    at async init (C:\Users\LGros\AppData\Roaming\npm\node_modules\firebase-tools\lib\init\index.js:36:9)
[error] 
[error] Error: An unexpected error has occurred.
